[17:09:53,555] INFO  {Launcher} config file:null
[17:09:54,262] INFO  {Launcher} starting
[17:09:54,276] INFO  {Launcher} setting up network mngr
[17:09:55,090] INFO  {Launcher} setting up dela with adr:193.10.67.178:42002<940170168>:OP
[17:09:55,105] ERROR {NettyNetwork} Handling an event caused a fault! Might be handled later...
java.net.BindException: Address already in use
	at sun.nio.ch.Net.bind0(Native Method)
	at sun.nio.ch.Net.bind(Net.java:414)
	at sun.nio.ch.Net.bind(Net.java:406)
	at sun.nio.ch.ServerSocketChannelImpl.bind(ServerSocketChannelImpl.java:214)
	at sun.nio.ch.ServerSocketAdaptor.bind(ServerSocketAdaptor.java:74)
	at io.netty.channel.socket.nio.NioServerSocketChannel.doBind(NioServerSocketChannel.java:125)
	at io.netty.channel.AbstractChannel$AbstractUnsafe.bind(AbstractChannel.java:570)
	at io.netty.channel.DefaultChannelPipeline$HeadContext.bind(DefaultChannelPipeline.java:1238)
	at io.netty.channel.ChannelHandlerInvokerUtil.invokeBindNow(ChannelHandlerInvokerUtil.java:108)
	at io.netty.channel.DefaultChannelHandlerInvoker.invokeBind(DefaultChannelHandlerInvoker.java:224)
	at io.netty.channel.PausableChannelEventExecutor.invokeBind(PausableChannelEventExecutor.java:101)
	at io.netty.channel.AbstractChannelHandlerContext.bind(AbstractChannelHandlerContext.java:406)
	at io.netty.channel.DefaultChannelPipeline.bind(DefaultChannelPipeline.java:994)
	at io.netty.channel.AbstractChannel.bind(AbstractChannel.java:252)
	at io.netty.bootstrap.AbstractBootstrap$2.run(AbstractBootstrap.java:358)
	at io.netty.util.concurrent.SingleThreadEventExecutor.runAllTasks(SingleThreadEventExecutor.java:343)
	at io.netty.channel.nio.NioEventLoop.run(NioEventLoop.java:354)
	at io.netty.util.concurrent.SingleThreadEventExecutor$3.run(SingleThreadEventExecutor.java:131)
	at io.netty.util.internal.chmv8.ForkJoinTask$RunnableExecuteAction.exec(ForkJoinTask.java:1412)
	at io.netty.util.internal.chmv8.ForkJoinTask.doExec(ForkJoinTask.java:280)
	at io.netty.util.internal.chmv8.ForkJoinPool$WorkQueue.runTask(ForkJoinPool.java:877)
	at io.netty.util.internal.chmv8.ForkJoinPool.scan(ForkJoinPool.java:1706)
	at io.netty.util.internal.chmv8.ForkJoinPool.runWorker(ForkJoinPool.java:1661)
	at io.netty.util.internal.chmv8.ForkJoinWorkerThread.run(ForkJoinWorkerThread.java:126)
[17:09:55,332] INFO  {Launcher} dela started
[17:09:55,333] INFO  {Launcher} performing command:download
[17:09:55,365] ERROR {Launcher} Handling an event caused a fault! Might be handled later...
java.lang.IllegalStateException: Optional.get() cannot be called on an absent value
	at com.google.common.base.Absent.get(Absent.java:47)
	at se.sics.silk.client.Launcher$Driver.download(Launcher.java:371)
	at se.sics.silk.client.Launcher$Driver.doCommand(Launcher.java:357)
	at se.sics.silk.client.Launcher$2.handle(Launcher.java:221)
	at se.sics.silk.client.Launcher$2.handle(Launcher.java:207)
	at se.sics.kompics.JavaComponent.executeEvent(JavaComponent.java:402)
	at se.sics.kompics.JavaComponent.execute(JavaComponent.java:365)
	at se.sics.kompics.ComponentCore.run(ComponentCore.java:170)
	at se.sics.kompics.ComponentCore.exec(ComponentCore.java:241)
	at java.util.concurrent.ForkJoinTask.doExec(ForkJoinTask.java:289)
	at java.util.concurrent.ForkJoinPool$WorkQueue.runTask(ForkJoinPool.java:902)
	at java.util.concurrent.ForkJoinPool.scan(ForkJoinPool.java:1689)
	at java.util.concurrent.ForkJoinPool.runWorker(ForkJoinPool.java:1644)
	at java.util.concurrent.ForkJoinWorkerThread.run(ForkJoinWorkerThread.java:157)
[17:09:55,367] ERROR {Launcher} A fault was escalated to the root component: 
KompicsFault(java.lang.IllegalStateException: Optional.get() cannot be called on an absent value thrown in Component(ea559b25-3402-4149-aee0-e217a79e3291):se.sics.silk.client.Launcher@23ffa0ac while handling event se.sics.ktoolbox.util.status.Status$Internal@d8a8915) 


[17:10:25,767] INFO  {Launcher} config file:./src/main/resources/silk/upload.conf
[17:10:26,349] INFO  {Launcher} starting
[17:10:26,362] INFO  {Launcher} setting up network mngr
[17:10:27,079] INFO  {Launcher} setting up dela with adr:193.10.67.178:42002<1>:OP
[17:10:27,088] ERROR {NettyNetwork} Handling an event caused a fault! Might be handled later...
java.net.BindException: Address already in use
	at sun.nio.ch.Net.bind0(Native Method)
	at sun.nio.ch.Net.bind(Net.java:414)
	at sun.nio.ch.Net.bind(Net.java:406)
	at sun.nio.ch.ServerSocketChannelImpl.bind(ServerSocketChannelImpl.java:214)
	at sun.nio.ch.ServerSocketAdaptor.bind(ServerSocketAdaptor.java:74)
	at io.netty.channel.socket.nio.NioServerSocketChannel.doBind(NioServerSocketChannel.java:125)
	at io.netty.channel.AbstractChannel$AbstractUnsafe.bind(AbstractChannel.java:570)
	at io.netty.channel.DefaultChannelPipeline$HeadContext.bind(DefaultChannelPipeline.java:1238)
	at io.netty.channel.ChannelHandlerInvokerUtil.invokeBindNow(ChannelHandlerInvokerUtil.java:108)
	at io.netty.channel.DefaultChannelHandlerInvoker.invokeBind(DefaultChannelHandlerInvoker.java:224)
	at io.netty.channel.PausableChannelEventExecutor.invokeBind(PausableChannelEventExecutor.java:101)
	at io.netty.channel.AbstractChannelHandlerContext.bind(AbstractChannelHandlerContext.java:406)
	at io.netty.channel.DefaultChannelPipeline.bind(DefaultChannelPipeline.java:994)
	at io.netty.channel.AbstractChannel.bind(AbstractChannel.java:252)
	at io.netty.bootstrap.AbstractBootstrap$2.run(AbstractBootstrap.java:358)
	at io.netty.util.concurrent.SingleThreadEventExecutor.runAllTasks(SingleThreadEventExecutor.java:343)
	at io.netty.channel.nio.NioEventLoop.run(NioEventLoop.java:354)
	at io.netty.util.concurrent.SingleThreadEventExecutor$3.run(SingleThreadEventExecutor.java:131)
	at io.netty.util.internal.chmv8.ForkJoinTask$RunnableExecuteAction.exec(ForkJoinTask.java:1412)
	at io.netty.util.internal.chmv8.ForkJoinTask.doExec(ForkJoinTask.java:280)
	at io.netty.util.internal.chmv8.ForkJoinPool$WorkQueue.runTask(ForkJoinPool.java:877)
	at io.netty.util.internal.chmv8.ForkJoinPool.scan(ForkJoinPool.java:1706)
	at io.netty.util.internal.chmv8.ForkJoinPool.runWorker(ForkJoinPool.java:1661)
	at io.netty.util.internal.chmv8.ForkJoinWorkerThread.run(ForkJoinWorkerThread.java:126)
[17:10:27,305] INFO  {Launcher} dela started
[17:10:27,307] INFO  {Launcher} performing command:upload
[17:10:27,329] ERROR {Launcher} A fault was escalated to the root component: 
KompicsFault(java.net.BindException: Address already in use thrown in Component(2e21f5e0-91f1-4545-95fa-6c255d0587e9):se.sics.kompics.network.netty.NettyNetwork@3fdb3d3 while handling event se.sics.kompics.Start@54464e66) 


[17:10:43,100] INFO  {Launcher} config file:./src/main/resources/silk/upload.conf
[17:10:43,791] INFO  {Launcher} starting
[17:10:43,802] INFO  {Launcher} setting up network mngr
[17:10:44,631] INFO  {Launcher} setting up dela with adr:193.10.67.178:42002<1>:OP
[17:10:44,899] INFO  {Launcher} dela started
[17:10:44,901] INFO  {Launcher} performing command:upload
[17:10:44,942] INFO  {R1Torrent} TORRENT,o:01,bId:1upload
[17:11:25,392] INFO  {Launcher} config file:./src/main/resources/silk/download.conf
[17:11:26,587] INFO  {Launcher} starting
[17:11:26,599] INFO  {Launcher} setting up network mngr
[17:11:27,635] INFO  {Launcher} setting up dela with adr:193.10.67.178:42012<2>:OP
[17:11:28,135] INFO  {Launcher} dela started
[17:11:28,137] INFO  {Launcher} performing command:download
[17:11:41,332] INFO  {R1Torrent} TORRENT,o:01,bId:1download
[17:11:42,433] INFO  {R1Torrent} TORRENT,o:01,bId:1seeders:[193.10.67.178:42002<1>]
[17:11:46,712] INFO  {R1Torrent} TORRENT,o:01,bId:1download file:1 start
[17:12:08,950] INFO  {Launcher} config file:./src/main/resources/silk/download.conf
[17:12:09,769] INFO  {Launcher} starting
[17:12:09,788] INFO  {Launcher} setting up network mngr
[17:12:10,674] INFO  {Launcher} setting up dela with adr:193.10.67.178:42012<2>:OP
[17:12:11,301] INFO  {Launcher} dela started
[17:12:11,304] INFO  {Launcher} performing command:download
[17:12:13,122] INFO  {R1Torrent} TORRENT,o:01,bId:1download
[17:12:14,027] INFO  {R1Torrent} TORRENT,o:01,bId:1seeders:[193.10.67.178:42002<1>]
[17:12:22,442] INFO  {R1Torrent} TORRENT,o:01,bId:1download file:1 start
[17:12:52,524] INFO  {R1Torrent} TORRENT,o:01,bId:1seeders:[193.10.67.178:42002<1>]
[17:13:05,182] INFO  {Launcher} config file:./src/main/resources/silk/download.conf
[17:13:05,851] INFO  {Launcher} starting
[17:13:05,866] INFO  {Launcher} setting up network mngr
[17:13:06,672] INFO  {Launcher} setting up dela with adr:193.10.67.178:42012<2>:OP
[17:13:07,287] INFO  {Launcher} dela started
[17:13:07,289] INFO  {Launcher} performing command:download
[17:13:09,364] INFO  {R1Torrent} TORRENT,o:01,bId:1download
[17:13:10,208] INFO  {R1Torrent} TORRENT,o:01,bId:1seeders:[193.10.67.178:42002<1>]
[17:13:13,774] INFO  {R1Torrent} TORRENT,o:01,bId:1download file:1 start
[17:14:10,870] INFO  {Launcher} config file:./src/main/resources/silk/download.conf
[17:14:12,578] INFO  {Launcher} starting
[17:14:12,590] INFO  {Launcher} setting up network mngr
[17:14:13,444] INFO  {Launcher} setting up dela with adr:193.10.67.178:42012<2>:OP
[17:14:14,180] INFO  {Launcher} dela started
[17:14:14,183] INFO  {Launcher} performing command:download
[17:14:18,280] INFO  {R1Torrent} TORRENT,o:01,bId:1download
[17:14:19,177] INFO  {R1Torrent} TORRENT,o:01,bId:1seeders:[193.10.67.178:42002<1>]
[17:14:37,073] INFO  {R1Torrent} TORRENT,o:01,bId:1download file:1 start
[17:19:14,180] INFO  {Launcher} config file:./src/main/resources/silk/download.conf
[17:19:14,913] INFO  {Launcher} starting
[17:19:14,925] INFO  {Launcher} setting up network mngr
[17:19:15,712] INFO  {Launcher} setting up dela with adr:193.10.67.178:42012<2>:OP
[17:19:16,123] INFO  {Launcher} dela started
[17:19:16,128] INFO  {Launcher} performing command:download
[17:19:16,132] INFO  {MultiFSM} positive port:class se.sics.silk.r2torrent.torrent.R1TorrentConnPort event:class se.sics.silk.r2torrent.torrent.event.R1TorrentConnEvents$Seeders
[17:19:16,132] INFO  {MultiFSM} positive port:class se.sics.silk.r2torrent.torrent.R1FileDownloadCtrl event:class se.sics.silk.r2torrent.torrent.event.R1FileDownloadEvents$Indication
[17:19:16,132] INFO  {MultiFSM} positive port:class se.sics.silk.r2torrent.torrent.R1FileDownloadCtrl event:class se.sics.silk.r2torrent.torrent.event.R1FileDownloadEvents$Disconnected
[17:19:16,132] INFO  {MultiFSM} positive port:class se.sics.silk.r2torrent.torrent.R1FileUploadCtrl event:class se.sics.silk.r2torrent.torrent.event.R1FileUploadEvents$Indication
[17:19:16,132] INFO  {MultiFSM} positive port:class se.sics.silk.r2torrent.torrent.R1FileUploadCtrl event:class se.sics.silk.r2torrent.torrent.event.R1FileUploadEvents$Disconnected
[17:19:16,133] INFO  {MultiFSM} negative port:class se.sics.silk.r2torrent.torrent.R1TorrentCtrlPort event:class se.sics.silk.r2torrent.torrent.event.R1TorrentCtrlEvents$Download
[17:19:16,133] INFO  {MultiFSM} negative port:class se.sics.silk.r2torrent.torrent.R1TorrentCtrlPort event:class se.sics.silk.r2torrent.torrent.event.R1TorrentCtrlEvents$Upload
[17:19:16,133] INFO  {MultiFSM} positive port:class se.sics.nstream.storage.durable.DStreamControlPort event:class se.sics.nstream.storage.durable.events.DStreamConnect$Success
[17:19:16,133] INFO  {MultiFSM} positive port:class se.sics.nstream.storage.durable.DStreamControlPort event:class se.sics.nstream.storage.durable.events.DStreamDisconnect$Success
[17:19:16,133] INFO  {MultiFSM} negative port:class se.sics.silk.r2torrent.transfer.R1TransferLeecherCtrl event:class se.sics.silk.r2torrent.transfer.events.R1TransferLeecherEvents$ConnectReq
[17:19:16,133] INFO  {MultiFSM} negative port:class se.sics.silk.r2torrent.transfer.R1TransferLeecherCtrl event:class se.sics.silk.r2torrent.transfer.events.R1TransferLeecherEvents$Disconnected
[17:19:16,133] INFO  {MultiFSM} positive port:class se.sics.nstream.storage.durable.DStoragePort event:class se.sics.nstream.storage.durable.events.DStorageWrite$Response
[17:19:16,133] INFO  {MultiFSM} positive port:class se.sics.silk.SelfPort event:class se.sics.silk.r2torrent.torrent.event.R1FileDownloadEvents$Close
[17:19:16,134] INFO  {MultiFSM} positive port:class se.sics.silk.SelfPort event:class se.sics.silk.r2torrent.torrent.event.R1FileDownloadEvents$Disconnect
[17:19:16,134] INFO  {MultiFSM} positive port:class se.sics.nstream.storage.durable.DStreamControlPort event:class se.sics.nstream.storage.durable.events.DStreamConnect$Success
[17:19:16,134] INFO  {MultiFSM} positive port:class se.sics.nstream.storage.durable.DStreamControlPort event:class se.sics.nstream.storage.durable.events.DStreamDisconnect$Success
[17:19:16,134] INFO  {MultiFSM} positive port:class se.sics.silk.r2torrent.transfer.R1DownloadPort event:class se.sics.silk.r2torrent.transfer.events.R1DownloadEvents$Completed
[17:19:16,134] INFO  {MultiFSM} positive port:class se.sics.silk.r2torrent.transfer.R1TransferSeederCtrl event:class se.sics.silk.r2torrent.transfer.events.R1TransferSeederEvents$Connected
[17:19:16,134] INFO  {MultiFSM} positive port:class se.sics.silk.r2torrent.transfer.R1TransferSeederCtrl event:class se.sics.silk.r2torrent.transfer.events.R1TransferSeederEvents$Disconnected
[17:19:16,134] INFO  {MultiFSM} negative port:class se.sics.silk.r2torrent.torrent.R1FileDownloadCtrl event:class se.sics.silk.r2torrent.torrent.event.R1FileDownloadEvents$Connect
[17:19:16,134] INFO  {MultiFSM} negative port:class se.sics.silk.r2torrent.torrent.R1FileDownloadCtrl event:class se.sics.silk.r2torrent.torrent.event.R1FileDownloadEvents$Start
[17:19:16,135] INFO  {MultiFSM} positive port:class se.sics.kompics.timer.Timer event:class se.sics.silk.r2torrent.transfer.events.R1TransferSeederPing
[17:19:16,135] INFO  {MultiFSM} negative port:class se.sics.silk.r2torrent.transfer.R1TransferSeederCtrl event:class se.sics.silk.r2torrent.transfer.events.R1TransferSeederEvents$Disconnect
[17:19:16,135] INFO  {MultiFSM} negative port:class se.sics.silk.r2torrent.transfer.R1TransferSeederCtrl event:class se.sics.silk.r2torrent.transfer.events.R1TransferSeederEvents$Connect
[17:19:16,136] INFO  {MultiFSM} positive port:class se.sics.kompics.network.Network container:class se.sics.ktoolbox.util.network.basic.BasicContentMsg content:class se.sics.silk.r2torrent.transfer.msgs.R1TransferConnMsgs$Pong
[17:19:16,136] INFO  {MultiFSM} positive port:class se.sics.kompics.network.Network container:class se.sics.ktoolbox.util.network.basic.BasicContentMsg content:class se.sics.silk.r2torrent.transfer.msgs.R1TransferConnMsgs$Disconnect
[17:19:16,136] INFO  {MultiFSM} positive port:class se.sics.kompics.network.Network container:class se.sics.ktoolbox.util.network.basic.BasicContentMsg content:class se.sics.silk.r2torrent.transfer.msgs.R1TransferConnMsgs$ConnectAcc
[17:19:16,136] INFO  {MultiFSM} positive port:class se.sics.silk.r2torrent.transfer.R1TransferLeecherCtrl event:class se.sics.silk.r2torrent.transfer.events.R1TransferLeecherEvents$Disconnect
[17:19:16,137] INFO  {MultiFSM} positive port:class se.sics.silk.r2torrent.transfer.R1TransferLeecherCtrl event:class se.sics.silk.r2torrent.transfer.events.R1TransferLeecherEvents$ConnectRej
[17:19:16,137] INFO  {MultiFSM} positive port:class se.sics.silk.r2torrent.transfer.R1TransferLeecherCtrl event:class se.sics.silk.r2torrent.transfer.events.R1TransferLeecherEvents$ConnectAcc
[17:19:16,137] INFO  {MultiFSM} positive port:class se.sics.kompics.timer.Timer event:class se.sics.silk.r2torrent.transfer.events.R1TransferLeecherPing
[17:19:16,137] INFO  {MultiFSM} positive port:class se.sics.kompics.network.Network container:class se.sics.ktoolbox.util.network.basic.BasicContentMsg content:class se.sics.silk.r2torrent.transfer.msgs.R1TransferConnMsgs$Disconnect
[17:19:16,137] INFO  {MultiFSM} positive port:class se.sics.kompics.network.Network container:class se.sics.ktoolbox.util.network.basic.BasicContentMsg content:class se.sics.silk.r2torrent.transfer.msgs.R1TransferConnMsgs$Connect
[17:19:16,137] INFO  {MultiFSM} positive port:class se.sics.kompics.network.Network container:class se.sics.ktoolbox.util.network.basic.BasicContentMsg content:class se.sics.silk.r2torrent.transfer.msgs.R1TransferConnMsgs$Ping
[17:19:19,402] INFO  {R1Torrent} <1>download with partners:[193.10.67.178:42002<1>]
[17:19:23,573] INFO  {R1Torrent} TORRENT,o:01,bId:1seeders:[193.10.67.178:42002<1>]
[17:19:27,471] INFO  {R1Torrent} TORRENT,o:01,bId:1download file:1 start
[17:19:45,700] INFO  {R1Torrent} TORRENT,o:01,bId:1seeders:[193.10.67.178:42002<1>]
[17:19:55,062] INFO  {R1Torrent} TORRENT,o:01,bId:1seeders:[193.10.67.178:42002<1>]
[17:19:58,449] INFO  {R1Torrent} TORRENT,o:01,bId:1seeders:[193.10.67.178:42002<1>]
[17:20:01,507] INFO  {R1Torrent} TORRENT,o:01,bId:1seeders:[193.10.67.178:42002<1>]
[17:22:14,774] INFO  {Launcher} config file:./src/main/resources/silk/download.conf
[17:22:15,397] INFO  {Launcher} starting
[17:22:15,407] INFO  {Launcher} setting up network mngr
[17:22:16,094] INFO  {Launcher} setting up dela with adr:193.10.67.178:42012<2>:OP
[17:22:16,437] INFO  {Launcher} dela started
[17:22:16,443] INFO  {Launcher} performing command:download
[17:22:16,455] INFO  {MultiFSM} positive port:class se.sics.silk.r2torrent.torrent.R1FileDownloadCtrl event:class se.sics.silk.r2torrent.torrent.event.R1FileDownloadEvents$Disconnected
[17:22:16,455] INFO  {MultiFSM} positive port:class se.sics.silk.r2torrent.torrent.R1FileDownloadCtrl event:class se.sics.silk.r2torrent.torrent.event.R1FileDownloadEvents$Indication
[17:22:16,455] INFO  {MultiFSM} positive port:class se.sics.silk.r2torrent.torrent.R1TorrentConnPort event:class se.sics.silk.r2torrent.torrent.event.R1TorrentConnEvents$Seeders
[17:22:16,456] INFO  {MultiFSM} positive port:class se.sics.silk.r2torrent.torrent.R1FileUploadCtrl event:class se.sics.silk.r2torrent.torrent.event.R1FileUploadEvents$Indication
[17:22:16,456] INFO  {MultiFSM} positive port:class se.sics.silk.r2torrent.torrent.R1FileUploadCtrl event:class se.sics.silk.r2torrent.torrent.event.R1FileUploadEvents$Disconnected
[17:22:16,456] INFO  {MultiFSM} negative port:class se.sics.silk.r2torrent.torrent.R1TorrentCtrlPort event:class se.sics.silk.r2torrent.torrent.event.R1TorrentCtrlEvents$Upload
[17:22:16,456] INFO  {MultiFSM} negative port:class se.sics.silk.r2torrent.torrent.R1TorrentCtrlPort event:class se.sics.silk.r2torrent.torrent.event.R1TorrentCtrlEvents$Download
[17:22:16,457] INFO  {MultiFSM} positive port:class se.sics.nstream.storage.durable.DStreamControlPort event:class se.sics.nstream.storage.durable.events.DStreamConnect$Success
[17:22:16,457] INFO  {MultiFSM} positive port:class se.sics.nstream.storage.durable.DStreamControlPort event:class se.sics.nstream.storage.durable.events.DStreamDisconnect$Success
[17:22:16,457] INFO  {MultiFSM} negative port:class se.sics.silk.r2torrent.transfer.R1TransferLeecherCtrl event:class se.sics.silk.r2torrent.transfer.events.R1TransferLeecherEvents$Disconnected
[17:22:16,458] INFO  {MultiFSM} negative port:class se.sics.silk.r2torrent.transfer.R1TransferLeecherCtrl event:class se.sics.silk.r2torrent.transfer.events.R1TransferLeecherEvents$ConnectReq
[17:22:16,458] INFO  {MultiFSM} positive port:class se.sics.nstream.storage.durable.DStoragePort event:class se.sics.nstream.storage.durable.events.DStorageWrite$Response
[17:22:16,458] INFO  {MultiFSM} positive port:class se.sics.silk.r2torrent.transfer.R1DownloadPort event:class se.sics.silk.r2torrent.transfer.events.R1DownloadEvents$Completed
[17:22:16,458] INFO  {MultiFSM} positive port:class se.sics.silk.SelfPort event:class se.sics.silk.r2torrent.torrent.event.R1FileDownloadEvents$Close
[17:22:16,458] INFO  {MultiFSM} positive port:class se.sics.silk.SelfPort event:class se.sics.silk.r2torrent.torrent.event.R1FileDownloadEvents$Disconnect
[17:22:16,459] INFO  {MultiFSM} positive port:class se.sics.nstream.storage.durable.DStreamControlPort event:class se.sics.nstream.storage.durable.events.DStreamConnect$Success
[17:22:16,459] INFO  {MultiFSM} positive port:class se.sics.nstream.storage.durable.DStreamControlPort event:class se.sics.nstream.storage.durable.events.DStreamDisconnect$Success
[17:22:16,459] INFO  {MultiFSM} positive port:class se.sics.silk.r2torrent.transfer.R1TransferSeederCtrl event:class se.sics.silk.r2torrent.transfer.events.R1TransferSeederEvents$Disconnected
[17:22:16,459] INFO  {MultiFSM} positive port:class se.sics.silk.r2torrent.transfer.R1TransferSeederCtrl event:class se.sics.silk.r2torrent.transfer.events.R1TransferSeederEvents$Connected
[17:22:16,459] INFO  {MultiFSM} negative port:class se.sics.silk.r2torrent.torrent.R1FileDownloadCtrl event:class se.sics.silk.r2torrent.torrent.event.R1FileDownloadEvents$Connect
[17:22:16,460] INFO  {MultiFSM} negative port:class se.sics.silk.r2torrent.torrent.R1FileDownloadCtrl event:class se.sics.silk.r2torrent.torrent.event.R1FileDownloadEvents$Start
[17:22:16,460] INFO  {MultiFSM} positive port:class se.sics.kompics.timer.Timer event:class se.sics.silk.r2torrent.transfer.events.R1TransferSeederPing
[17:22:16,460] INFO  {MultiFSM} negative port:class se.sics.silk.r2torrent.transfer.R1TransferSeederCtrl event:class se.sics.silk.r2torrent.transfer.events.R1TransferSeederEvents$Disconnect
[17:22:16,460] INFO  {MultiFSM} negative port:class se.sics.silk.r2torrent.transfer.R1TransferSeederCtrl event:class se.sics.silk.r2torrent.transfer.events.R1TransferSeederEvents$Connect
[17:22:16,461] INFO  {MultiFSM} positive port:class se.sics.kompics.network.Network container:class se.sics.ktoolbox.util.network.basic.BasicContentMsg content:class se.sics.silk.r2torrent.transfer.msgs.R1TransferConnMsgs$ConnectAcc
[17:22:16,461] INFO  {MultiFSM} positive port:class se.sics.kompics.network.Network container:class se.sics.ktoolbox.util.network.basic.BasicContentMsg content:class se.sics.silk.r2torrent.transfer.msgs.R1TransferConnMsgs$Disconnect
[17:22:16,461] INFO  {MultiFSM} positive port:class se.sics.kompics.network.Network container:class se.sics.ktoolbox.util.network.basic.BasicContentMsg content:class se.sics.silk.r2torrent.transfer.msgs.R1TransferConnMsgs$Pong
[17:22:16,462] INFO  {MultiFSM} positive port:class se.sics.silk.r2torrent.transfer.R1TransferLeecherCtrl event:class se.sics.silk.r2torrent.transfer.events.R1TransferLeecherEvents$ConnectAcc
[17:22:16,462] INFO  {MultiFSM} positive port:class se.sics.silk.r2torrent.transfer.R1TransferLeecherCtrl event:class se.sics.silk.r2torrent.transfer.events.R1TransferLeecherEvents$Disconnect
[17:22:16,463] INFO  {MultiFSM} positive port:class se.sics.silk.r2torrent.transfer.R1TransferLeecherCtrl event:class se.sics.silk.r2torrent.transfer.events.R1TransferLeecherEvents$ConnectRej
[17:22:16,463] INFO  {MultiFSM} positive port:class se.sics.kompics.timer.Timer event:class se.sics.silk.r2torrent.transfer.events.R1TransferLeecherPing
[17:22:16,463] INFO  {MultiFSM} positive port:class se.sics.kompics.network.Network container:class se.sics.ktoolbox.util.network.basic.BasicContentMsg content:class se.sics.silk.r2torrent.transfer.msgs.R1TransferConnMsgs$Connect
[17:22:16,464] INFO  {MultiFSM} positive port:class se.sics.kompics.network.Network container:class se.sics.ktoolbox.util.network.basic.BasicContentMsg content:class se.sics.silk.r2torrent.transfer.msgs.R1TransferConnMsgs$Disconnect
[17:22:16,464] INFO  {MultiFSM} positive port:class se.sics.kompics.network.Network container:class se.sics.ktoolbox.util.network.basic.BasicContentMsg content:class se.sics.silk.r2torrent.transfer.msgs.R1TransferConnMsgs$Ping
[17:22:18,768] INFO  {R1Torrent} <1>download with partners:[193.10.67.178:42002<1>]
[17:22:20,130] INFO  {R1Torrent} TORRENT,o:01,bId:1seeders:[193.10.67.178:42002<1>]
[17:22:22,069] INFO  {R1Torrent} TORRENT,o:01,bId:1download file:1 start
[17:22:28,780] INFO  {R1FileDownload} <1,1>start
[17:22:42,721] INFO  {Launcher} config file:./src/main/resources/silk/download.conf
[17:22:43,356] INFO  {Launcher} starting
[17:22:43,368] INFO  {Launcher} setting up network mngr
[17:22:44,116] INFO  {Launcher} setting up dela with adr:193.10.67.178:42012<2>:OP
[17:22:44,539] INFO  {Launcher} dela started
[17:22:44,542] INFO  {Launcher} performing command:download
[17:22:44,548] INFO  {MultiFSM} positive port:class se.sics.silk.r2torrent.torrent.R1TorrentConnPort event:class se.sics.silk.r2torrent.torrent.event.R1TorrentConnEvents$Seeders
[17:22:44,548] INFO  {MultiFSM} positive port:class se.sics.silk.r2torrent.torrent.R1FileDownloadCtrl event:class se.sics.silk.r2torrent.torrent.event.R1FileDownloadEvents$Indication
[17:22:44,549] INFO  {MultiFSM} positive port:class se.sics.silk.r2torrent.torrent.R1FileDownloadCtrl event:class se.sics.silk.r2torrent.torrent.event.R1FileDownloadEvents$Disconnected
[17:22:44,549] INFO  {MultiFSM} positive port:class se.sics.silk.r2torrent.torrent.R1FileUploadCtrl event:class se.sics.silk.r2torrent.torrent.event.R1FileUploadEvents$Indication
[17:22:44,549] INFO  {MultiFSM} positive port:class se.sics.silk.r2torrent.torrent.R1FileUploadCtrl event:class se.sics.silk.r2torrent.torrent.event.R1FileUploadEvents$Disconnected
[17:22:44,549] INFO  {MultiFSM} negative port:class se.sics.silk.r2torrent.torrent.R1TorrentCtrlPort event:class se.sics.silk.r2torrent.torrent.event.R1TorrentCtrlEvents$Upload
[17:22:44,549] INFO  {MultiFSM} negative port:class se.sics.silk.r2torrent.torrent.R1TorrentCtrlPort event:class se.sics.silk.r2torrent.torrent.event.R1TorrentCtrlEvents$Download
[17:22:44,550] INFO  {MultiFSM} positive port:class se.sics.nstream.storage.durable.DStreamControlPort event:class se.sics.nstream.storage.durable.events.DStreamDisconnect$Success
[17:22:44,550] INFO  {MultiFSM} positive port:class se.sics.nstream.storage.durable.DStreamControlPort event:class se.sics.nstream.storage.durable.events.DStreamConnect$Success
[17:22:44,550] INFO  {MultiFSM} negative port:class se.sics.silk.r2torrent.transfer.R1TransferLeecherCtrl event:class se.sics.silk.r2torrent.transfer.events.R1TransferLeecherEvents$ConnectReq
[17:22:44,550] INFO  {MultiFSM} negative port:class se.sics.silk.r2torrent.transfer.R1TransferLeecherCtrl event:class se.sics.silk.r2torrent.transfer.events.R1TransferLeecherEvents$Disconnected
[17:22:44,550] INFO  {MultiFSM} positive port:class se.sics.nstream.storage.durable.DStreamControlPort event:class se.sics.nstream.storage.durable.events.DStreamDisconnect$Success
[17:22:44,550] INFO  {MultiFSM} positive port:class se.sics.nstream.storage.durable.DStreamControlPort event:class se.sics.nstream.storage.durable.events.DStreamConnect$Success
[17:22:44,551] INFO  {MultiFSM} positive port:class se.sics.silk.SelfPort event:class se.sics.silk.r2torrent.torrent.event.R1FileDownloadEvents$Close
[17:22:44,551] INFO  {MultiFSM} positive port:class se.sics.silk.SelfPort event:class se.sics.silk.r2torrent.torrent.event.R1FileDownloadEvents$Disconnect
[17:22:44,551] INFO  {MultiFSM} positive port:class se.sics.silk.r2torrent.transfer.R1TransferSeederCtrl event:class se.sics.silk.r2torrent.transfer.events.R1TransferSeederEvents$Connected
[17:22:44,551] INFO  {MultiFSM} positive port:class se.sics.silk.r2torrent.transfer.R1TransferSeederCtrl event:class se.sics.silk.r2torrent.transfer.events.R1TransferSeederEvents$Disconnected
[17:22:44,551] INFO  {MultiFSM} positive port:class se.sics.nstream.storage.durable.DStoragePort event:class se.sics.nstream.storage.durable.events.DStorageWrite$Response
[17:22:44,551] INFO  {MultiFSM} positive port:class se.sics.silk.r2torrent.transfer.R1DownloadPort event:class se.sics.silk.r2torrent.transfer.events.R1DownloadEvents$Completed
[17:22:44,552] INFO  {MultiFSM} negative port:class se.sics.silk.r2torrent.torrent.R1FileDownloadCtrl event:class se.sics.silk.r2torrent.torrent.event.R1FileDownloadEvents$Start
[17:22:44,552] INFO  {MultiFSM} negative port:class se.sics.silk.r2torrent.torrent.R1FileDownloadCtrl event:class se.sics.silk.r2torrent.torrent.event.R1FileDownloadEvents$Connect
[17:22:44,552] INFO  {MultiFSM} positive port:class se.sics.kompics.timer.Timer event:class se.sics.silk.r2torrent.transfer.events.R1TransferSeederPing
[17:22:44,552] INFO  {MultiFSM} negative port:class se.sics.silk.r2torrent.transfer.R1TransferSeederCtrl event:class se.sics.silk.r2torrent.transfer.events.R1TransferSeederEvents$Disconnect
[17:22:44,553] INFO  {MultiFSM} negative port:class se.sics.silk.r2torrent.transfer.R1TransferSeederCtrl event:class se.sics.silk.r2torrent.transfer.events.R1TransferSeederEvents$Connect
[17:22:44,553] INFO  {MultiFSM} positive port:class se.sics.kompics.network.Network container:class se.sics.ktoolbox.util.network.basic.BasicContentMsg content:class se.sics.silk.r2torrent.transfer.msgs.R1TransferConnMsgs$Disconnect
[17:22:44,553] INFO  {MultiFSM} positive port:class se.sics.kompics.network.Network container:class se.sics.ktoolbox.util.network.basic.BasicContentMsg content:class se.sics.silk.r2torrent.transfer.msgs.R1TransferConnMsgs$Pong
[17:22:44,553] INFO  {MultiFSM} positive port:class se.sics.kompics.network.Network container:class se.sics.ktoolbox.util.network.basic.BasicContentMsg content:class se.sics.silk.r2torrent.transfer.msgs.R1TransferConnMsgs$ConnectAcc
[17:22:44,554] INFO  {MultiFSM} positive port:class se.sics.kompics.timer.Timer event:class se.sics.silk.r2torrent.transfer.events.R1TransferLeecherPing
[17:22:44,557] INFO  {MultiFSM} positive port:class se.sics.silk.r2torrent.transfer.R1TransferLeecherCtrl event:class se.sics.silk.r2torrent.transfer.events.R1TransferLeecherEvents$Disconnect
[17:22:44,557] INFO  {MultiFSM} positive port:class se.sics.silk.r2torrent.transfer.R1TransferLeecherCtrl event:class se.sics.silk.r2torrent.transfer.events.R1TransferLeecherEvents$ConnectAcc
[17:22:44,557] INFO  {MultiFSM} positive port:class se.sics.silk.r2torrent.transfer.R1TransferLeecherCtrl event:class se.sics.silk.r2torrent.transfer.events.R1TransferLeecherEvents$ConnectRej
[17:22:44,557] INFO  {MultiFSM} positive port:class se.sics.kompics.network.Network container:class se.sics.ktoolbox.util.network.basic.BasicContentMsg content:class se.sics.silk.r2torrent.transfer.msgs.R1TransferConnMsgs$Disconnect
[17:22:44,557] INFO  {MultiFSM} positive port:class se.sics.kompics.network.Network container:class se.sics.ktoolbox.util.network.basic.BasicContentMsg content:class se.sics.silk.r2torrent.transfer.msgs.R1TransferConnMsgs$Ping
[17:22:44,558] INFO  {MultiFSM} positive port:class se.sics.kompics.network.Network container:class se.sics.ktoolbox.util.network.basic.BasicContentMsg content:class se.sics.silk.r2torrent.transfer.msgs.R1TransferConnMsgs$Connect
[17:22:47,905] INFO  {R1Torrent} <1>download with partners:[193.10.67.178:42002<1>]
[17:22:52,318] INFO  {R1Torrent} TORRENT,o:01,bId:1seeders:[193.10.67.178:42002<1>]
[17:22:53,060] INFO  {R1Torrent} TORRENT,o:01,bId:1download file:1 start
[17:23:17,875] INFO  {R1FileDownload} <1,1>start
[17:28:57,824] INFO  {Launcher} config file:./src/main/resources/silk/download.conf
[17:28:58,758] INFO  {Launcher} starting
[17:28:58,772] INFO  {Launcher} setting up network mngr
[17:28:59,692] INFO  {Launcher} setting up dela with adr:193.10.67.178:42012<2>:OP
[17:28:59,811] INFO  {DStorageMngrComp} <nid:2>initiating...
[17:29:00,248] INFO  {Launcher} dela started
[17:29:00,248] INFO  {DStorageMngrComp} <nid:2>starting
[17:29:00,252] INFO  {Launcher} performing command:download
[17:29:00,258] INFO  {MultiFSM} positive port:class se.sics.silk.r2torrent.torrent.R1FileDownloadCtrl event:class se.sics.silk.r2torrent.torrent.event.R1FileDownloadEvents$Indication
[17:29:00,258] INFO  {MultiFSM} positive port:class se.sics.silk.r2torrent.torrent.R1FileDownloadCtrl event:class se.sics.silk.r2torrent.torrent.event.R1FileDownloadEvents$Disconnected
[17:29:00,258] INFO  {MultiFSM} positive port:class se.sics.silk.r2torrent.torrent.R1FileUploadCtrl event:class se.sics.silk.r2torrent.torrent.event.R1FileUploadEvents$Disconnected
[17:29:00,258] INFO  {MultiFSM} positive port:class se.sics.silk.r2torrent.torrent.R1FileUploadCtrl event:class se.sics.silk.r2torrent.torrent.event.R1FileUploadEvents$Indication
[17:29:00,258] INFO  {MultiFSM} positive port:class se.sics.silk.r2torrent.torrent.R1TorrentConnPort event:class se.sics.silk.r2torrent.torrent.event.R1TorrentConnEvents$Seeders
[17:29:00,259] INFO  {MultiFSM} negative port:class se.sics.silk.r2torrent.torrent.R1TorrentCtrlPort event:class se.sics.silk.r2torrent.torrent.event.R1TorrentCtrlEvents$Upload
[17:29:00,259] INFO  {MultiFSM} negative port:class se.sics.silk.r2torrent.torrent.R1TorrentCtrlPort event:class se.sics.silk.r2torrent.torrent.event.R1TorrentCtrlEvents$Download
[17:29:00,259] INFO  {MultiFSM} positive port:class se.sics.nstream.storage.durable.DStreamControlPort event:class se.sics.nstream.storage.durable.events.DStreamConnect$Success
[17:29:00,259] INFO  {MultiFSM} positive port:class se.sics.nstream.storage.durable.DStreamControlPort event:class se.sics.nstream.storage.durable.events.DStreamDisconnect$Success
[17:29:00,259] INFO  {MultiFSM} negative port:class se.sics.silk.r2torrent.transfer.R1TransferLeecherCtrl event:class se.sics.silk.r2torrent.transfer.events.R1TransferLeecherEvents$Disconnected
[17:29:00,259] INFO  {MultiFSM} negative port:class se.sics.silk.r2torrent.transfer.R1TransferLeecherCtrl event:class se.sics.silk.r2torrent.transfer.events.R1TransferLeecherEvents$ConnectReq
[17:29:00,260] INFO  {MultiFSM} positive port:class se.sics.nstream.storage.durable.DStreamControlPort event:class se.sics.nstream.storage.durable.events.DStreamConnect$Success
[17:29:00,260] INFO  {MultiFSM} positive port:class se.sics.nstream.storage.durable.DStreamControlPort event:class se.sics.nstream.storage.durable.events.DStreamDisconnect$Success
[17:29:00,260] INFO  {MultiFSM} positive port:class se.sics.silk.r2torrent.transfer.R1DownloadPort event:class se.sics.silk.r2torrent.transfer.events.R1DownloadEvents$Completed
[17:29:00,260] INFO  {MultiFSM} positive port:class se.sics.silk.SelfPort event:class se.sics.silk.r2torrent.torrent.event.R1FileDownloadEvents$Close
[17:29:00,260] INFO  {MultiFSM} positive port:class se.sics.silk.SelfPort event:class se.sics.silk.r2torrent.torrent.event.R1FileDownloadEvents$Disconnect
[17:29:00,260] INFO  {MultiFSM} positive port:class se.sics.silk.r2torrent.transfer.R1TransferSeederCtrl event:class se.sics.silk.r2torrent.transfer.events.R1TransferSeederEvents$Disconnected
[17:29:00,261] INFO  {MultiFSM} positive port:class se.sics.silk.r2torrent.transfer.R1TransferSeederCtrl event:class se.sics.silk.r2torrent.transfer.events.R1TransferSeederEvents$Connected
[17:29:00,261] INFO  {MultiFSM} positive port:class se.sics.nstream.storage.durable.DStoragePort event:class se.sics.nstream.storage.durable.events.DStorageWrite$Response
[17:29:00,261] INFO  {MultiFSM} negative port:class se.sics.silk.r2torrent.torrent.R1FileDownloadCtrl event:class se.sics.silk.r2torrent.torrent.event.R1FileDownloadEvents$Connect
[17:29:00,261] INFO  {MultiFSM} negative port:class se.sics.silk.r2torrent.torrent.R1FileDownloadCtrl event:class se.sics.silk.r2torrent.torrent.event.R1FileDownloadEvents$Start
[17:29:00,261] INFO  {MultiFSM} positive port:class se.sics.kompics.timer.Timer event:class se.sics.silk.r2torrent.transfer.events.R1TransferSeederPing
[17:29:00,262] INFO  {MultiFSM} negative port:class se.sics.silk.r2torrent.transfer.R1TransferSeederCtrl event:class se.sics.silk.r2torrent.transfer.events.R1TransferSeederEvents$Disconnect
[17:29:00,262] INFO  {MultiFSM} negative port:class se.sics.silk.r2torrent.transfer.R1TransferSeederCtrl event:class se.sics.silk.r2torrent.transfer.events.R1TransferSeederEvents$Connect
[17:29:00,262] INFO  {MultiFSM} positive port:class se.sics.kompics.network.Network container:class se.sics.ktoolbox.util.network.basic.BasicContentMsg content:class se.sics.silk.r2torrent.transfer.msgs.R1TransferConnMsgs$Disconnect
[17:29:00,262] INFO  {MultiFSM} positive port:class se.sics.kompics.network.Network container:class se.sics.ktoolbox.util.network.basic.BasicContentMsg content:class se.sics.silk.r2torrent.transfer.msgs.R1TransferConnMsgs$Pong
[17:29:00,262] INFO  {MultiFSM} positive port:class se.sics.kompics.network.Network container:class se.sics.ktoolbox.util.network.basic.BasicContentMsg content:class se.sics.silk.r2torrent.transfer.msgs.R1TransferConnMsgs$ConnectAcc
[17:29:00,263] INFO  {MultiFSM} positive port:class se.sics.silk.r2torrent.transfer.R1TransferLeecherCtrl event:class se.sics.silk.r2torrent.transfer.events.R1TransferLeecherEvents$Disconnect
[17:29:00,263] INFO  {MultiFSM} positive port:class se.sics.silk.r2torrent.transfer.R1TransferLeecherCtrl event:class se.sics.silk.r2torrent.transfer.events.R1TransferLeecherEvents$ConnectAcc
[17:29:00,263] INFO  {MultiFSM} positive port:class se.sics.silk.r2torrent.transfer.R1TransferLeecherCtrl event:class se.sics.silk.r2torrent.transfer.events.R1TransferLeecherEvents$ConnectRej
[17:29:00,263] INFO  {MultiFSM} positive port:class se.sics.kompics.timer.Timer event:class se.sics.silk.r2torrent.transfer.events.R1TransferLeecherPing
[17:29:00,263] INFO  {MultiFSM} positive port:class se.sics.kompics.network.Network container:class se.sics.ktoolbox.util.network.basic.BasicContentMsg content:class se.sics.silk.r2torrent.transfer.msgs.R1TransferConnMsgs$Ping
[17:29:00,264] INFO  {MultiFSM} positive port:class se.sics.kompics.network.Network container:class se.sics.ktoolbox.util.network.basic.BasicContentMsg content:class se.sics.silk.r2torrent.transfer.msgs.R1TransferConnMsgs$Disconnect
[17:29:00,264] INFO  {MultiFSM} positive port:class se.sics.kompics.network.Network container:class se.sics.ktoolbox.util.network.basic.BasicContentMsg content:class se.sics.silk.r2torrent.transfer.msgs.R1TransferConnMsgs$Connect
[17:29:09,328] INFO  {R1Torrent} <1>download with partners:[193.10.67.178:42002<1>]
[17:29:14,687] INFO  {R1Torrent} TORRENT,o:01,bId:1seeders:[193.10.67.178:42002<1>]
[17:29:15,516] INFO  {R1Torrent} TORRENT,o:01,bId:1download file:1 start
[17:29:26,713] INFO  {R1Torrent} TORRENT,o:01,bId:1seeders:[193.10.67.178:42002<1>]
[17:29:26,717] INFO  {R1FileDownload} <1,1>start
[17:37:58,246] INFO  {Launcher} config file:./src/main/resources/silk/download.conf
[17:37:59,159] INFO  {Launcher} starting
[17:37:59,176] INFO  {Launcher} setting up network mngr
[17:38:00,049] INFO  {Launcher} setting up dela with adr:193.10.67.178:42012<2>:OP
[17:38:00,309] INFO  {DStorageMngrComp} <nid:2>initiating...
[17:38:00,647] INFO  {Launcher} dela started
[17:38:00,647] DEBUG {DStorageMngrComp} Started!
[17:38:00,648] DEBUG {R1TorrentConnComp} Started!
[17:38:00,651] INFO  {MultiFSM} positive port:class se.sics.silk.r2torrent.torrent.R1TorrentConnPort event:class se.sics.silk.r2torrent.torrent.event.R1TorrentConnEvents$Seeders
[17:38:00,651] INFO  {MultiFSM} positive port:class se.sics.silk.r2torrent.torrent.R1FileUploadCtrl event:class se.sics.silk.r2torrent.torrent.event.R1FileUploadEvents$Indication
[17:38:00,651] INFO  {MultiFSM} positive port:class se.sics.silk.r2torrent.torrent.R1FileUploadCtrl event:class se.sics.silk.r2torrent.torrent.event.R1FileUploadEvents$Disconnected
[17:38:00,651] INFO  {MultiFSM} positive port:class se.sics.silk.r2torrent.torrent.R1FileDownloadCtrl event:class se.sics.silk.r2torrent.torrent.event.R1FileDownloadEvents$Disconnected
[17:38:00,652] INFO  {MultiFSM} positive port:class se.sics.silk.r2torrent.torrent.R1FileDownloadCtrl event:class se.sics.silk.r2torrent.torrent.event.R1FileDownloadEvents$Indication
[17:38:00,652] INFO  {MultiFSM} negative port:class se.sics.silk.r2torrent.torrent.R1TorrentCtrlPort event:class se.sics.silk.r2torrent.torrent.event.R1TorrentCtrlEvents$Upload
[17:38:00,652] INFO  {MultiFSM} negative port:class se.sics.silk.r2torrent.torrent.R1TorrentCtrlPort event:class se.sics.silk.r2torrent.torrent.event.R1TorrentCtrlEvents$Download
[17:38:00,652] INFO  {MultiFSM} positive port:class se.sics.nstream.storage.durable.DStreamControlPort event:class se.sics.nstream.storage.durable.events.DStreamDisconnect$Success
[17:38:00,652] INFO  {MultiFSM} positive port:class se.sics.nstream.storage.durable.DStreamControlPort event:class se.sics.nstream.storage.durable.events.DStreamConnect$Success
[17:38:00,652] INFO  {MultiFSM} negative port:class se.sics.silk.r2torrent.transfer.R1TransferLeecherCtrl event:class se.sics.silk.r2torrent.transfer.events.R1TransferLeecherEvents$ConnectReq
[17:38:00,653] INFO  {Launcher} performing command:download
[17:38:00,653] INFO  {MultiFSM} negative port:class se.sics.silk.r2torrent.transfer.R1TransferLeecherCtrl event:class se.sics.silk.r2torrent.transfer.events.R1TransferLeecherEvents$Disconnected
[17:38:00,653] INFO  {MultiFSM} positive port:class se.sics.silk.r2torrent.transfer.R1TransferSeederCtrl event:class se.sics.silk.r2torrent.transfer.events.R1TransferSeederEvents$Connected
[17:38:00,654] INFO  {MultiFSM} positive port:class se.sics.silk.r2torrent.transfer.R1TransferSeederCtrl event:class se.sics.silk.r2torrent.transfer.events.R1TransferSeederEvents$Disconnected
[17:38:00,654] INFO  {MultiFSM} positive port:class se.sics.silk.r2torrent.transfer.R1DownloadPort event:class se.sics.silk.r2torrent.transfer.events.R1DownloadEvents$Completed
[17:38:00,654] INFO  {MultiFSM} positive port:class se.sics.silk.SelfPort event:class se.sics.silk.r2torrent.torrent.event.R1FileDownloadEvents$Disconnect
[17:38:00,654] INFO  {MultiFSM} positive port:class se.sics.silk.SelfPort event:class se.sics.silk.r2torrent.torrent.event.R1FileDownloadEvents$Close
[17:38:00,654] INFO  {MultiFSM} positive port:class se.sics.nstream.storage.durable.DStoragePort event:class se.sics.nstream.storage.durable.events.DStorageWrite$Response
[17:38:00,654] INFO  {MultiFSM} positive port:class se.sics.nstream.storage.durable.DStreamControlPort event:class se.sics.nstream.storage.durable.events.DStreamDisconnect$Success
[17:38:00,655] INFO  {MultiFSM} positive port:class se.sics.nstream.storage.durable.DStreamControlPort event:class se.sics.nstream.storage.durable.events.DStreamConnect$Success
[17:38:00,655] INFO  {MultiFSM} negative port:class se.sics.silk.r2torrent.torrent.R1FileDownloadCtrl event:class se.sics.silk.r2torrent.torrent.event.R1FileDownloadEvents$Start
[17:38:00,655] INFO  {MultiFSM} negative port:class se.sics.silk.r2torrent.torrent.R1FileDownloadCtrl event:class se.sics.silk.r2torrent.torrent.event.R1FileDownloadEvents$Connect
[17:38:00,655] INFO  {MultiFSM} positive port:class se.sics.kompics.timer.Timer event:class se.sics.silk.r2torrent.transfer.events.R1TransferSeederPing
[17:38:00,656] INFO  {MultiFSM} negative port:class se.sics.silk.r2torrent.transfer.R1TransferSeederCtrl event:class se.sics.silk.r2torrent.transfer.events.R1TransferSeederEvents$Disconnect
[17:38:00,656] INFO  {MultiFSM} negative port:class se.sics.silk.r2torrent.transfer.R1TransferSeederCtrl event:class se.sics.silk.r2torrent.transfer.events.R1TransferSeederEvents$Connect
[17:38:00,656] INFO  {MultiFSM} positive port:class se.sics.kompics.network.Network container:class se.sics.ktoolbox.util.network.basic.BasicContentMsg content:class se.sics.silk.r2torrent.transfer.msgs.R1TransferConnMsgs$Disconnect
[17:38:00,656] INFO  {MultiFSM} positive port:class se.sics.kompics.network.Network container:class se.sics.ktoolbox.util.network.basic.BasicContentMsg content:class se.sics.silk.r2torrent.transfer.msgs.R1TransferConnMsgs$Pong
[17:38:00,656] INFO  {MultiFSM} positive port:class se.sics.kompics.network.Network container:class se.sics.ktoolbox.util.network.basic.BasicContentMsg content:class se.sics.silk.r2torrent.transfer.msgs.R1TransferConnMsgs$ConnectAcc
[17:38:00,657] INFO  {MultiFSM} positive port:class se.sics.kompics.timer.Timer event:class se.sics.silk.r2torrent.transfer.events.R1TransferLeecherPing
[17:38:00,657] INFO  {MultiFSM} positive port:class se.sics.silk.r2torrent.transfer.R1TransferLeecherCtrl event:class se.sics.silk.r2torrent.transfer.events.R1TransferLeecherEvents$ConnectAcc
[17:38:00,657] INFO  {MultiFSM} positive port:class se.sics.silk.r2torrent.transfer.R1TransferLeecherCtrl event:class se.sics.silk.r2torrent.transfer.events.R1TransferLeecherEvents$ConnectRej
[17:38:00,657] INFO  {MultiFSM} positive port:class se.sics.silk.r2torrent.transfer.R1TransferLeecherCtrl event:class se.sics.silk.r2torrent.transfer.events.R1TransferLeecherEvents$Disconnect
[17:38:00,657] INFO  {MultiFSM} positive port:class se.sics.kompics.network.Network container:class se.sics.ktoolbox.util.network.basic.BasicContentMsg content:class se.sics.silk.r2torrent.transfer.msgs.R1TransferConnMsgs$Ping
[17:38:00,657] INFO  {MultiFSM} positive port:class se.sics.kompics.network.Network container:class se.sics.ktoolbox.util.network.basic.BasicContentMsg content:class se.sics.silk.r2torrent.transfer.msgs.R1TransferConnMsgs$Disconnect
[17:38:00,658] INFO  {MultiFSM} positive port:class se.sics.kompics.network.Network container:class se.sics.ktoolbox.util.network.basic.BasicContentMsg content:class se.sics.silk.r2torrent.transfer.msgs.R1TransferConnMsgs$Connect
[17:38:00,691] INFO  {R1Torrent} <1>download with partners:[193.10.67.178:42002<1>]
[17:38:00,697] INFO  {R1Torrent} TORRENT,o:01,bId:1seeders:[193.10.67.178:42002<1>]
[17:38:05,815] INFO  {DStorageMngrComp} <nid:2>starting
[17:38:05,816] INFO  {R1Torrent} TORRENT,o:01,bId:1download file:1 start
[17:38:09,667] INFO  {R1FileDownload} <1,1>start
[17:38:10,654] INFO  {R1Torrent} TORRENT,o:01,bId:1seeders:[193.10.67.178:42002<1>]
[17:38:20,656] INFO  {R1Torrent} TORRENT,o:01,bId:1seeders:[193.10.67.178:42002<1>]
[17:39:17,703] INFO  {Launcher} config file:./src/main/resources/silk/download.conf
[17:39:18,405] INFO  {Launcher} starting
[17:39:18,421] INFO  {Launcher} setting up network mngr
[17:39:19,230] INFO  {Launcher} setting up dela with adr:193.10.67.178:42012<2>:OP
[17:39:19,389] INFO  {DStorageMngrComp} <nid:2>initiating...
[17:39:19,682] INFO  {Launcher} dela started
[17:39:19,682] DEBUG {DStorageMngrComp} Started!
[17:39:19,682] INFO  {DStorageMngrComp} <nid:2>starting
[17:39:19,682] DEBUG {R1TorrentConnComp} Started!
[17:39:19,686] INFO  {MultiFSM} positive port:class se.sics.silk.r2torrent.torrent.R1TorrentConnPort event:class se.sics.silk.r2torrent.torrent.event.R1TorrentConnEvents$Seeders
[17:39:19,686] INFO  {MultiFSM} positive port:class se.sics.silk.r2torrent.torrent.R1FileDownloadCtrl event:class se.sics.silk.r2torrent.torrent.event.R1FileDownloadEvents$Disconnected
[17:39:19,686] INFO  {MultiFSM} positive port:class se.sics.silk.r2torrent.torrent.R1FileDownloadCtrl event:class se.sics.silk.r2torrent.torrent.event.R1FileDownloadEvents$Indication
[17:39:19,687] INFO  {Launcher} performing command:download
[17:39:19,687] INFO  {MultiFSM} positive port:class se.sics.silk.r2torrent.torrent.R1FileUploadCtrl event:class se.sics.silk.r2torrent.torrent.event.R1FileUploadEvents$Disconnected
[17:39:19,687] INFO  {MultiFSM} positive port:class se.sics.silk.r2torrent.torrent.R1FileUploadCtrl event:class se.sics.silk.r2torrent.torrent.event.R1FileUploadEvents$Indication
[17:39:19,687] INFO  {MultiFSM} negative port:class se.sics.silk.r2torrent.torrent.R1TorrentCtrlPort event:class se.sics.silk.r2torrent.torrent.event.R1TorrentCtrlEvents$Upload
[17:39:19,687] INFO  {MultiFSM} negative port:class se.sics.silk.r2torrent.torrent.R1TorrentCtrlPort event:class se.sics.silk.r2torrent.torrent.event.R1TorrentCtrlEvents$Download
[17:39:19,688] INFO  {MultiFSM} positive port:class se.sics.nstream.storage.durable.DStreamControlPort event:class se.sics.nstream.storage.durable.events.DStreamDisconnect$Success
[17:39:19,688] INFO  {MultiFSM} positive port:class se.sics.nstream.storage.durable.DStreamControlPort event:class se.sics.nstream.storage.durable.events.DStreamConnect$Success
[17:39:19,688] INFO  {MultiFSM} negative port:class se.sics.silk.r2torrent.transfer.R1TransferLeecherCtrl event:class se.sics.silk.r2torrent.transfer.events.R1TransferLeecherEvents$ConnectReq
[17:39:19,688] INFO  {MultiFSM} negative port:class se.sics.silk.r2torrent.transfer.R1TransferLeecherCtrl event:class se.sics.silk.r2torrent.transfer.events.R1TransferLeecherEvents$Disconnected
[17:39:19,688] INFO  {MultiFSM} positive port:class se.sics.nstream.storage.durable.DStreamControlPort event:class se.sics.nstream.storage.durable.events.DStreamDisconnect$Success
[17:39:19,688] INFO  {MultiFSM} positive port:class se.sics.nstream.storage.durable.DStreamControlPort event:class se.sics.nstream.storage.durable.events.DStreamConnect$Success
[17:39:19,689] INFO  {MultiFSM} positive port:class se.sics.silk.r2torrent.transfer.R1TransferSeederCtrl event:class se.sics.silk.r2torrent.transfer.events.R1TransferSeederEvents$Disconnected
[17:39:19,689] INFO  {MultiFSM} positive port:class se.sics.silk.r2torrent.transfer.R1TransferSeederCtrl event:class se.sics.silk.r2torrent.transfer.events.R1TransferSeederEvents$Connected
[17:39:19,689] INFO  {MultiFSM} positive port:class se.sics.silk.r2torrent.transfer.R1DownloadPort event:class se.sics.silk.r2torrent.transfer.events.R1DownloadEvents$Completed
[17:39:19,689] INFO  {MultiFSM} positive port:class se.sics.silk.SelfPort event:class se.sics.silk.r2torrent.torrent.event.R1FileDownloadEvents$Disconnect
[17:39:19,689] INFO  {MultiFSM} positive port:class se.sics.silk.SelfPort event:class se.sics.silk.r2torrent.torrent.event.R1FileDownloadEvents$Close
[17:39:19,689] INFO  {MultiFSM} positive port:class se.sics.nstream.storage.durable.DStoragePort event:class se.sics.nstream.storage.durable.events.DStorageWrite$Response
[17:39:19,689] INFO  {MultiFSM} negative port:class se.sics.silk.r2torrent.torrent.R1FileDownloadCtrl event:class se.sics.silk.r2torrent.torrent.event.R1FileDownloadEvents$Start
[17:39:19,690] INFO  {MultiFSM} negative port:class se.sics.silk.r2torrent.torrent.R1FileDownloadCtrl event:class se.sics.silk.r2torrent.torrent.event.R1FileDownloadEvents$Connect
[17:39:19,690] INFO  {MultiFSM} positive port:class se.sics.kompics.timer.Timer event:class se.sics.silk.r2torrent.transfer.events.R1TransferSeederPing
[17:39:19,690] INFO  {MultiFSM} negative port:class se.sics.silk.r2torrent.transfer.R1TransferSeederCtrl event:class se.sics.silk.r2torrent.transfer.events.R1TransferSeederEvents$Disconnect
[17:39:19,690] INFO  {MultiFSM} negative port:class se.sics.silk.r2torrent.transfer.R1TransferSeederCtrl event:class se.sics.silk.r2torrent.transfer.events.R1TransferSeederEvents$Connect
[17:39:19,691] INFO  {MultiFSM} positive port:class se.sics.kompics.network.Network container:class se.sics.ktoolbox.util.network.basic.BasicContentMsg content:class se.sics.silk.r2torrent.transfer.msgs.R1TransferConnMsgs$Pong
[17:39:19,691] INFO  {MultiFSM} positive port:class se.sics.kompics.network.Network container:class se.sics.ktoolbox.util.network.basic.BasicContentMsg content:class se.sics.silk.r2torrent.transfer.msgs.R1TransferConnMsgs$Disconnect
[17:39:19,691] INFO  {MultiFSM} positive port:class se.sics.kompics.network.Network container:class se.sics.ktoolbox.util.network.basic.BasicContentMsg content:class se.sics.silk.r2torrent.transfer.msgs.R1TransferConnMsgs$ConnectAcc
[17:39:19,691] INFO  {MultiFSM} positive port:class se.sics.kompics.timer.Timer event:class se.sics.silk.r2torrent.transfer.events.R1TransferLeecherPing
[17:39:19,691] INFO  {MultiFSM} positive port:class se.sics.silk.r2torrent.transfer.R1TransferLeecherCtrl event:class se.sics.silk.r2torrent.transfer.events.R1TransferLeecherEvents$ConnectAcc
[17:39:19,692] INFO  {MultiFSM} positive port:class se.sics.silk.r2torrent.transfer.R1TransferLeecherCtrl event:class se.sics.silk.r2torrent.transfer.events.R1TransferLeecherEvents$ConnectRej
[17:39:19,692] INFO  {MultiFSM} positive port:class se.sics.silk.r2torrent.transfer.R1TransferLeecherCtrl event:class se.sics.silk.r2torrent.transfer.events.R1TransferLeecherEvents$Disconnect
[17:39:19,692] INFO  {MultiFSM} positive port:class se.sics.kompics.network.Network container:class se.sics.ktoolbox.util.network.basic.BasicContentMsg content:class se.sics.silk.r2torrent.transfer.msgs.R1TransferConnMsgs$Disconnect
[17:39:19,692] INFO  {MultiFSM} positive port:class se.sics.kompics.network.Network container:class se.sics.ktoolbox.util.network.basic.BasicContentMsg content:class se.sics.silk.r2torrent.transfer.msgs.R1TransferConnMsgs$Connect
[17:39:19,692] INFO  {MultiFSM} positive port:class se.sics.kompics.network.Network container:class se.sics.ktoolbox.util.network.basic.BasicContentMsg content:class se.sics.silk.r2torrent.transfer.msgs.R1TransferConnMsgs$Ping
[17:39:19,721] INFO  {R1Torrent} <1>download with partners:[193.10.67.178:42002<1>]
[17:39:19,727] INFO  {R1Torrent} TORRENT,o:01,bId:1seeders:[193.10.67.178:42002<1>]
[17:39:19,727] INFO  {R1Torrent} TORRENT,o:01,bId:1download file:1 start
[17:39:19,731] INFO  {R1FileDownload} <1,1>start
[17:39:43,370] INFO  {Launcher} config file:./src/main/resources/silk/download.conf
[17:39:43,964] INFO  {Launcher} starting
[17:39:43,975] INFO  {Launcher} setting up network mngr
[17:39:44,721] INFO  {Launcher} setting up dela with adr:193.10.67.178:42012<2>:OP
[17:39:44,918] INFO  {DStorageMngrComp} <nid:2>initiating...
[17:39:45,182] INFO  {Launcher} dela started
[17:39:45,183] DEBUG {DStorageMngrComp} Started!
[17:39:45,183] INFO  {DStorageMngrComp} <nid:2>starting
[17:39:45,183] DEBUG {R1TorrentConnComp} Started!
[17:39:45,184] INFO  {MultiFSM} positive port:class se.sics.silk.r2torrent.torrent.R1TorrentConnPort event:class se.sics.silk.r2torrent.torrent.event.R1TorrentConnEvents$Seeders
[17:39:45,184] INFO  {MultiFSM} positive port:class se.sics.silk.r2torrent.torrent.R1FileDownloadCtrl event:class se.sics.silk.r2torrent.torrent.event.R1FileDownloadEvents$Disconnected
[17:39:45,185] INFO  {MultiFSM} positive port:class se.sics.silk.r2torrent.torrent.R1FileDownloadCtrl event:class se.sics.silk.r2torrent.torrent.event.R1FileDownloadEvents$Indication
[17:39:45,185] INFO  {MultiFSM} positive port:class se.sics.silk.r2torrent.torrent.R1FileUploadCtrl event:class se.sics.silk.r2torrent.torrent.event.R1FileUploadEvents$Disconnected
[17:39:45,185] INFO  {MultiFSM} positive port:class se.sics.silk.r2torrent.torrent.R1FileUploadCtrl event:class se.sics.silk.r2torrent.torrent.event.R1FileUploadEvents$Indication
[17:39:45,185] INFO  {MultiFSM} negative port:class se.sics.silk.r2torrent.torrent.R1TorrentCtrlPort event:class se.sics.silk.r2torrent.torrent.event.R1TorrentCtrlEvents$Upload
[17:39:45,185] INFO  {MultiFSM} negative port:class se.sics.silk.r2torrent.torrent.R1TorrentCtrlPort event:class se.sics.silk.r2torrent.torrent.event.R1TorrentCtrlEvents$Download
[17:39:45,186] INFO  {MultiFSM} positive port:class se.sics.nstream.storage.durable.DStreamControlPort event:class se.sics.nstream.storage.durable.events.DStreamDisconnect$Success
[17:39:45,186] INFO  {MultiFSM} positive port:class se.sics.nstream.storage.durable.DStreamControlPort event:class se.sics.nstream.storage.durable.events.DStreamConnect$Success
[17:39:45,186] INFO  {MultiFSM} negative port:class se.sics.silk.r2torrent.transfer.R1TransferLeecherCtrl event:class se.sics.silk.r2torrent.transfer.events.R1TransferLeecherEvents$Disconnected
[17:39:45,187] INFO  {MultiFSM} negative port:class se.sics.silk.r2torrent.transfer.R1TransferLeecherCtrl event:class se.sics.silk.r2torrent.transfer.events.R1TransferLeecherEvents$ConnectReq
[17:39:45,188] INFO  {MultiFSM} positive port:class se.sics.silk.SelfPort event:class se.sics.silk.r2torrent.torrent.event.R1FileDownloadEvents$Close
[17:39:45,188] INFO  {MultiFSM} positive port:class se.sics.silk.SelfPort event:class se.sics.silk.r2torrent.torrent.event.R1FileDownloadEvents$Disconnect
[17:39:45,188] INFO  {MultiFSM} positive port:class se.sics.silk.r2torrent.transfer.R1DownloadPort event:class se.sics.silk.r2torrent.transfer.events.R1DownloadEvents$Completed
[17:39:45,188] INFO  {Launcher} performing command:download
[17:39:45,189] INFO  {MultiFSM} positive port:class se.sics.silk.r2torrent.transfer.R1TransferSeederCtrl event:class se.sics.silk.r2torrent.transfer.events.R1TransferSeederEvents$Connected
[17:39:45,189] INFO  {MultiFSM} positive port:class se.sics.silk.r2torrent.transfer.R1TransferSeederCtrl event:class se.sics.silk.r2torrent.transfer.events.R1TransferSeederEvents$Disconnected
[17:39:45,189] INFO  {MultiFSM} positive port:class se.sics.nstream.storage.durable.DStoragePort event:class se.sics.nstream.storage.durable.events.DStorageWrite$Response
[17:39:45,190] INFO  {MultiFSM} positive port:class se.sics.nstream.storage.durable.DStreamControlPort event:class se.sics.nstream.storage.durable.events.DStreamDisconnect$Success
[17:39:45,190] INFO  {MultiFSM} positive port:class se.sics.nstream.storage.durable.DStreamControlPort event:class se.sics.nstream.storage.durable.events.DStreamConnect$Success
[17:39:45,190] INFO  {MultiFSM} negative port:class se.sics.silk.r2torrent.torrent.R1FileDownloadCtrl event:class se.sics.silk.r2torrent.torrent.event.R1FileDownloadEvents$Connect
[17:39:45,190] INFO  {MultiFSM} negative port:class se.sics.silk.r2torrent.torrent.R1FileDownloadCtrl event:class se.sics.silk.r2torrent.torrent.event.R1FileDownloadEvents$Start
[17:39:45,191] INFO  {MultiFSM} positive port:class se.sics.kompics.timer.Timer event:class se.sics.silk.r2torrent.transfer.events.R1TransferSeederPing
[17:39:45,191] INFO  {MultiFSM} negative port:class se.sics.silk.r2torrent.transfer.R1TransferSeederCtrl event:class se.sics.silk.r2torrent.transfer.events.R1TransferSeederEvents$Disconnect
[17:39:45,191] INFO  {MultiFSM} negative port:class se.sics.silk.r2torrent.transfer.R1TransferSeederCtrl event:class se.sics.silk.r2torrent.transfer.events.R1TransferSeederEvents$Connect
[17:39:45,191] INFO  {MultiFSM} positive port:class se.sics.kompics.network.Network container:class se.sics.ktoolbox.util.network.basic.BasicContentMsg content:class se.sics.silk.r2torrent.transfer.msgs.R1TransferConnMsgs$Disconnect
[17:39:45,191] INFO  {MultiFSM} positive port:class se.sics.kompics.network.Network container:class se.sics.ktoolbox.util.network.basic.BasicContentMsg content:class se.sics.silk.r2torrent.transfer.msgs.R1TransferConnMsgs$ConnectAcc
[17:39:45,192] INFO  {MultiFSM} positive port:class se.sics.kompics.network.Network container:class se.sics.ktoolbox.util.network.basic.BasicContentMsg content:class se.sics.silk.r2torrent.transfer.msgs.R1TransferConnMsgs$Pong
[17:39:45,192] INFO  {MultiFSM} positive port:class se.sics.silk.r2torrent.transfer.R1TransferLeecherCtrl event:class se.sics.silk.r2torrent.transfer.events.R1TransferLeecherEvents$ConnectAcc
[17:39:45,192] INFO  {MultiFSM} positive port:class se.sics.silk.r2torrent.transfer.R1TransferLeecherCtrl event:class se.sics.silk.r2torrent.transfer.events.R1TransferLeecherEvents$Disconnect
[17:39:45,192] INFO  {MultiFSM} positive port:class se.sics.silk.r2torrent.transfer.R1TransferLeecherCtrl event:class se.sics.silk.r2torrent.transfer.events.R1TransferLeecherEvents$ConnectRej
[17:39:45,192] INFO  {MultiFSM} positive port:class se.sics.kompics.timer.Timer event:class se.sics.silk.r2torrent.transfer.events.R1TransferLeecherPing
[17:39:45,192] INFO  {MultiFSM} positive port:class se.sics.kompics.network.Network container:class se.sics.ktoolbox.util.network.basic.BasicContentMsg content:class se.sics.silk.r2torrent.transfer.msgs.R1TransferConnMsgs$Disconnect
[17:39:45,193] INFO  {MultiFSM} positive port:class se.sics.kompics.network.Network container:class se.sics.ktoolbox.util.network.basic.BasicContentMsg content:class se.sics.silk.r2torrent.transfer.msgs.R1TransferConnMsgs$Connect
[17:39:45,193] INFO  {MultiFSM} positive port:class se.sics.kompics.network.Network container:class se.sics.ktoolbox.util.network.basic.BasicContentMsg content:class se.sics.silk.r2torrent.transfer.msgs.R1TransferConnMsgs$Ping
[17:39:45,241] INFO  {R1Torrent} <1>download with partners:[193.10.67.178:42002<1>]
[17:39:45,247] INFO  {R1Torrent} TORRENT,o:01,bId:1seeders:[193.10.67.178:42002<1>]
[17:39:45,247] INFO  {R1Torrent} TORRENT,o:01,bId:1download file:1 start
[17:39:45,250] INFO  {R1FileDownload} <1,1>start
[17:40:21,809] INFO  {R1Torrent} TORRENT,o:01,bId:1seeders:[193.10.67.178:42002<1>]
[17:40:21,810] INFO  {R1Torrent} TORRENT,o:01,bId:1seeders:[193.10.67.178:42002<1>]
[17:40:21,810] INFO  {R1Torrent} TORRENT,o:01,bId:1seeders:[193.10.67.178:42002<1>]
[17:40:25,188] INFO  {R1Torrent} TORRENT,o:01,bId:1seeders:[193.10.67.178:42002<1>]
[17:40:39,465] INFO  {Launcher} config file:./src/main/resources/silk/download.conf
[17:40:40,160] INFO  {Launcher} starting
[17:40:40,177] INFO  {Launcher} setting up network mngr
[17:40:41,022] INFO  {Launcher} setting up dela with adr:193.10.67.178:42012<2>:OP
[17:40:41,204] INFO  {DStorageMngrComp} <nid:2>initiating...
[17:40:41,524] DEBUG {DStorageMngrComp} Started!
[17:40:41,524] DEBUG {R1TorrentConnComp} Started!
[17:40:41,524] INFO  {DStorageMngrComp} <nid:2>starting
[17:40:41,524] INFO  {Launcher} dela started
[17:40:41,526] INFO  {MultiFSM} positive port:class se.sics.silk.r2torrent.torrent.R1FileDownloadCtrl event:class se.sics.silk.r2torrent.torrent.event.R1FileDownloadEvents$Disconnected
[17:40:41,526] INFO  {MultiFSM} positive port:class se.sics.silk.r2torrent.torrent.R1FileDownloadCtrl event:class se.sics.silk.r2torrent.torrent.event.R1FileDownloadEvents$Indication
[17:40:41,527] INFO  {MultiFSM} positive port:class se.sics.silk.r2torrent.torrent.R1FileUploadCtrl event:class se.sics.silk.r2torrent.torrent.event.R1FileUploadEvents$Indication
[17:40:41,527] INFO  {MultiFSM} positive port:class se.sics.silk.r2torrent.torrent.R1FileUploadCtrl event:class se.sics.silk.r2torrent.torrent.event.R1FileUploadEvents$Disconnected
[17:40:41,527] INFO  {MultiFSM} positive port:class se.sics.silk.r2torrent.torrent.R1TorrentConnPort event:class se.sics.silk.r2torrent.torrent.event.R1TorrentConnEvents$Seeders
[17:40:41,527] INFO  {MultiFSM} negative port:class se.sics.silk.r2torrent.torrent.R1TorrentCtrlPort event:class se.sics.silk.r2torrent.torrent.event.R1TorrentCtrlEvents$Download
[17:40:41,527] INFO  {MultiFSM} negative port:class se.sics.silk.r2torrent.torrent.R1TorrentCtrlPort event:class se.sics.silk.r2torrent.torrent.event.R1TorrentCtrlEvents$Upload
[17:40:41,528] INFO  {MultiFSM} positive port:class se.sics.nstream.storage.durable.DStreamControlPort event:class se.sics.nstream.storage.durable.events.DStreamDisconnect$Success
[17:40:41,528] INFO  {MultiFSM} positive port:class se.sics.nstream.storage.durable.DStreamControlPort event:class se.sics.nstream.storage.durable.events.DStreamConnect$Success
[17:40:41,528] INFO  {MultiFSM} negative port:class se.sics.silk.r2torrent.transfer.R1TransferLeecherCtrl event:class se.sics.silk.r2torrent.transfer.events.R1TransferLeecherEvents$Disconnected
[17:40:41,528] INFO  {MultiFSM} negative port:class se.sics.silk.r2torrent.transfer.R1TransferLeecherCtrl event:class se.sics.silk.r2torrent.transfer.events.R1TransferLeecherEvents$ConnectReq
[17:40:41,529] INFO  {MultiFSM} positive port:class se.sics.silk.r2torrent.transfer.R1TransferSeederCtrl event:class se.sics.silk.r2torrent.transfer.events.R1TransferSeederEvents$Connected
[17:40:41,529] INFO  {MultiFSM} positive port:class se.sics.silk.r2torrent.transfer.R1TransferSeederCtrl event:class se.sics.silk.r2torrent.transfer.events.R1TransferSeederEvents$Disconnected
[17:40:41,529] INFO  {MultiFSM} positive port:class se.sics.silk.r2torrent.transfer.R1DownloadPort event:class se.sics.silk.r2torrent.transfer.events.R1DownloadEvents$Completed
[17:40:41,529] INFO  {Launcher} performing command:download
[17:40:41,530] INFO  {MultiFSM} positive port:class se.sics.nstream.storage.durable.DStoragePort event:class se.sics.nstream.storage.durable.events.DStorageWrite$Response
[17:40:41,530] INFO  {MultiFSM} positive port:class se.sics.silk.SelfPort event:class se.sics.silk.r2torrent.torrent.event.R1FileDownloadEvents$Close
[17:40:41,530] INFO  {MultiFSM} positive port:class se.sics.silk.SelfPort event:class se.sics.silk.r2torrent.torrent.event.R1FileDownloadEvents$Disconnect
[17:40:41,530] INFO  {MultiFSM} positive port:class se.sics.nstream.storage.durable.DStreamControlPort event:class se.sics.nstream.storage.durable.events.DStreamDisconnect$Success
[17:40:41,531] INFO  {MultiFSM} positive port:class se.sics.nstream.storage.durable.DStreamControlPort event:class se.sics.nstream.storage.durable.events.DStreamConnect$Success
[17:40:41,531] INFO  {MultiFSM} negative port:class se.sics.silk.r2torrent.torrent.R1FileDownloadCtrl event:class se.sics.silk.r2torrent.torrent.event.R1FileDownloadEvents$Start
[17:40:41,531] INFO  {MultiFSM} negative port:class se.sics.silk.r2torrent.torrent.R1FileDownloadCtrl event:class se.sics.silk.r2torrent.torrent.event.R1FileDownloadEvents$Connect
[17:40:41,532] INFO  {MultiFSM} positive port:class se.sics.kompics.timer.Timer event:class se.sics.silk.r2torrent.transfer.events.R1TransferSeederPing
[17:40:41,533] INFO  {MultiFSM} negative port:class se.sics.silk.r2torrent.transfer.R1TransferSeederCtrl event:class se.sics.silk.r2torrent.transfer.events.R1TransferSeederEvents$Connect
[17:40:41,533] INFO  {MultiFSM} negative port:class se.sics.silk.r2torrent.transfer.R1TransferSeederCtrl event:class se.sics.silk.r2torrent.transfer.events.R1TransferSeederEvents$Disconnect
[17:40:41,534] INFO  {MultiFSM} positive port:class se.sics.kompics.network.Network container:class se.sics.ktoolbox.util.network.basic.BasicContentMsg content:class se.sics.silk.r2torrent.transfer.msgs.R1TransferConnMsgs$ConnectAcc
[17:40:41,534] INFO  {MultiFSM} positive port:class se.sics.kompics.network.Network container:class se.sics.ktoolbox.util.network.basic.BasicContentMsg content:class se.sics.silk.r2torrent.transfer.msgs.R1TransferConnMsgs$Disconnect
[17:40:41,535] INFO  {MultiFSM} positive port:class se.sics.kompics.network.Network container:class se.sics.ktoolbox.util.network.basic.BasicContentMsg content:class se.sics.silk.r2torrent.transfer.msgs.R1TransferConnMsgs$Pong
[17:40:41,535] INFO  {MultiFSM} positive port:class se.sics.silk.r2torrent.transfer.R1TransferLeecherCtrl event:class se.sics.silk.r2torrent.transfer.events.R1TransferLeecherEvents$ConnectRej
[17:40:41,535] INFO  {MultiFSM} positive port:class se.sics.silk.r2torrent.transfer.R1TransferLeecherCtrl event:class se.sics.silk.r2torrent.transfer.events.R1TransferLeecherEvents$ConnectAcc
[17:40:41,536] INFO  {MultiFSM} positive port:class se.sics.silk.r2torrent.transfer.R1TransferLeecherCtrl event:class se.sics.silk.r2torrent.transfer.events.R1TransferLeecherEvents$Disconnect
[17:40:41,536] INFO  {MultiFSM} positive port:class se.sics.kompics.timer.Timer event:class se.sics.silk.r2torrent.transfer.events.R1TransferLeecherPing
[17:40:41,536] INFO  {MultiFSM} positive port:class se.sics.kompics.network.Network container:class se.sics.ktoolbox.util.network.basic.BasicContentMsg content:class se.sics.silk.r2torrent.transfer.msgs.R1TransferConnMsgs$Disconnect
[17:40:41,536] INFO  {MultiFSM} positive port:class se.sics.kompics.network.Network container:class se.sics.ktoolbox.util.network.basic.BasicContentMsg content:class se.sics.silk.r2torrent.transfer.msgs.R1TransferConnMsgs$Connect
[17:40:41,536] INFO  {MultiFSM} positive port:class se.sics.kompics.network.Network container:class se.sics.ktoolbox.util.network.basic.BasicContentMsg content:class se.sics.silk.r2torrent.transfer.msgs.R1TransferConnMsgs$Ping
[17:40:41,574] INFO  {R1Torrent} <1>download with partners:[193.10.67.178:42002<1>]
[17:40:41,579] INFO  {R1Torrent} TORRENT,o:01,bId:1seeders:[193.10.67.178:42002<1>]
[17:40:41,579] INFO  {R1Torrent} TORRENT,o:01,bId:1download file:1 start
[17:40:41,583] INFO  {R1FileDownload} <1,1>start
